[debug] [2020-04-09T01:51:51.988Z] ----------------------------------------------------------------------
[debug] [2020-04-09T01:51:51.990Z] Command:       C:\Program Files\nodejs\node.exe C:\Users\Arif\AppData\Roaming\npm\node_modules\firebase-tools\lib\bin\firebase.js init
[debug] [2020-04-09T01:51:51.990Z] CLI Version:   8.0.2
[debug] [2020-04-09T01:51:51.990Z] Platform:      win32
[debug] [2020-04-09T01:51:51.990Z] Node Version:  v12.16.1
[debug] [2020-04-09T01:51:51.991Z] Time:          Thu Apr 09 2020 07:51:51 GMT+0600 (Bangladesh Standard Time)
[debug] [2020-04-09T01:51:51.992Z] ----------------------------------------------------------------------
[debug] [2020-04-09T01:51:51.992Z] 
[debug] [2020-04-09T01:51:52.002Z] > command requires scopes: ["email","openid","https://www.googleapis.com/auth/cloudplatformprojects.readonly","https://www.googleapis.com/auth/firebase","https://www.googleapis.com/auth/cloud-platform"]
[debug] [2020-04-09T01:51:52.002Z] > authorizing via signed-in user
[info] 
     ######## #### ########  ######## ########     ###     ######  ########
     ##        ##  ##     ## ##       ##     ##  ##   ##  ##       ##
     ######    ##  ########  ######   ########  #########  ######  ######
     ##        ##  ##    ##  ##       ##     ## ##     ##       ## ##
     ##       #### ##     ## ######## ########  ##     ##  ######  ########

You're about to initialize a Firebase project in this directory:

  D:\Git\WebDevelopment\Programming Hero Course\Projects\React\red-onion

[info] 
=== Project Setup
[info] 
[info] First, let's associate this project directory with a Firebase project.
[info] You can create multiple project aliases by running firebase use --add, 
[info] but for now we'll just set up a default project.
[info] 
